2022-01-15 17:41:45,739 DEBUG l.Listeners [TestNG-test=Selenium tests-1] Started test loginTest_correctCredentials_loggedToApp
2022-01-15 17:41:57,012 DEBUG l.Listeners [TestNG-test=Selenium tests-1] Started test loginTest_incorrectCredentials_redFrame
2022-01-15 17:57:52,051 DEBUG l.Listeners [TestNG-test=Selenium tests-3] Started test playListTest_createPlayList_playListCreated
2022-01-15 17:57:52,051 DEBUG l.Listeners [TestNG-test=Selenium tests-1] Started test loginTest_correctCredentials_loggedToApp
2022-01-15 17:57:52,051 DEBUG l.Listeners [TestNG-test=Selenium tests-2] Started test loginTestFactory_correctLogin_loggedToApp
2022-01-15 17:57:57,664 ERROR l.Listeners [TestNG-test=Selenium tests-3] Failed test playListTest_createPlayList_playListCreated
2022-01-15 17:58:02,742 DEBUG l.Listeners [TestNG-test=Selenium tests-2] Started test loginTest_incorrectCredentials_redFrame
2022-01-15 17:58:02,743 DEBUG l.Listeners [TestNG-test=Selenium tests-1] Started test loginTest_incorrectCredentials_redFrame
2022-01-15 17:58:03,504 DEBUG l.Listeners [TestNG-test=Selenium tests-3] Started test playListTest_renamePlayList_playlistRenamed
2022-01-15 17:58:10,639 DEBUG l.Listeners [TestNG-test=Selenium tests-1] Started test loginTest_correctCredentials_loggedToApp01
2022-01-15 17:58:10,673 DEBUG l.Listeners [TestNG-test=Selenium tests-2] Started test loginTestFactory_correctLogin_loggedToApp01
2022-01-15 17:58:13,888 DEBUG l.Listeners [TestNG-test=Selenium tests-3] Started test playListTest_createPlayList_playListCreated01
2022-01-15 17:58:18,591 DEBUG l.Listeners [TestNG-test=Selenium tests-2] Started test loginTest_incorrectCredentials_redFrame01
2022-01-15 17:58:18,678 DEBUG l.Listeners [TestNG-test=Selenium tests-1] Started test loginTest_incorrectCredentials_redFrame01
2022-01-15 17:58:22,636 DEBUG l.Listeners [TestNG-test=Selenium tests-3] Started test playListTest_renamePlayList_playlistRenamed01
2022-01-15 17:58:26,024 DEBUG l.Listeners [TestNG-test=Selenium tests-2] Started test loginTestFactory_correctLogin_loggedToApp02
2022-01-15 17:58:26,091 DEBUG l.Listeners [TestNG-test=Selenium tests-1] Started test loginTest_correctCredentials_loggedToApp02
2022-01-15 17:58:33,307 DEBUG l.Listeners [TestNG-test=Selenium tests-3] Started test playListTest_createPlayList_playListCreated02
2022-01-15 17:58:33,530 DEBUG l.Listeners [TestNG-test=Selenium tests-2] Started test loginTest_incorrectCredentials_redFrame02
2022-01-15 17:58:33,530 DEBUG l.Listeners [TestNG-test=Selenium tests-1] Started test loginTest_incorrectCredentials_redFrame02
2022-01-15 17:58:41,234 DEBUG l.Listeners [TestNG-test=Selenium tests-2] Started test loginTestFactory_correctLogin_loggedToApp03
2022-01-15 17:58:41,331 DEBUG l.Listeners [TestNG-test=Selenium tests-1] Started test loginTest_correctCredentials_loggedToApp03
2022-01-15 17:58:41,952 DEBUG l.Listeners [TestNG-test=Selenium tests-3] Started test playListTest_renamePlayList_playlistRenamed02
2022-01-15 17:58:49,363 DEBUG l.Listeners [TestNG-test=Selenium tests-1] Started test loginTest_incorrectCredentials_redFrame03
2022-01-15 17:58:49,420 DEBUG l.Listeners [TestNG-test=Selenium tests-2] Started test loginTest_incorrectCredentials_redFrame03
2022-01-15 18:35:33,208 DEBUG l.Listeners [TestNG-test=Selenium tests-1] Started test flackyTest
2022-01-15 18:35:39,098 DEBUG l.Listeners [TestNG-test=Selenium tests-1] Started test flackyTest
2022-01-15 18:35:44,908 DEBUG l.Listeners [TestNG-test=Selenium tests-1] Started test flackyTest
